


ARM Macro Assembler    Page 1 


    1 00000000         ; Print.s
    2 00000000         ; Student names: Jake Klovenski
    3 00000000         ; Last modification date: 3/29/2015
    4 00000000         ; Runs on LM4F120 or TM4C123
    5 00000000         ; EE319K lab 7 device driver for any LCD
    6 00000000         ;
    7 00000000         ; As part of Lab 7, students need to implement these LCD
                       _OutDec and LCD_OutFix
    8 00000000         ; This driver assumes two low-level LCD functions
    9 00000000         ; ST7735_OutChar   outputs a single 8-bit ASCII characte
                       r
   10 00000000         ; ST7735_OutString outputs a null-terminated string 
   11 00000000 0000270F 
                       TOOBIG  EQU              0x270F      ;VALUE OF 9999
   12 00000000 0000002A 
                       Asterisk
                               EQU              0x2A
   13 00000000 0000002E 
                       DecimalDot
                               EQU              0x2E
   14 00000000         
   15 00000000                 IMPORT           ST7735_OutChar
   16 00000000                 IMPORT           ST7735_OutString
   17 00000000                 EXPORT           LCD_OutDec
   18 00000000                 EXPORT           LCD_OutFix
   19 00000000         
   20 00000000         
   21 00000000                 AREA             |.text|, CODE, READONLY, ALIGN=
2
   22 00000000                 THUMB
   23 00000000         
   24 00000000         
   25 00000000         
   26 00000000         ;-----------------------LCD_OutDec----------------------
                       -
   27 00000000         ; Output a 32-bit number in unsigned decimal format
   28 00000000         ; Input: R0 (call by value) 32-bit unsigned number
   29 00000000         ; Output: none
   30 00000000         ; Invariables: This function must not permanently modify
                        registers R4 to R11
   31 00000000         LCD_OutDec
   32 00000000 B501            PUSH{R0,LR}
   33 00000002 280A            CMP              R0, #10
   34 00000004 D30E            BLO              DONERECURSING
   35 00000006 F04F 020A       MOV              R2,#10
   36 0000000A FBB0 F3F2       UDIV             R3,R0,R2    ;R3=INPUT/10
   37 0000000E FB03 F102       MUL              R1, R3, R2  ;R2=INPUT/10 *10
   38 00000012 EBA0 0101       SUB              R1, R0, R1  ;R1=INPUT%10
   39 00000016 E92D 1002       PUSH             {R1,R12}    ;SAVE R1
   40 0000001A 4618            MOV              R0, R3
   41 0000001C F7FF FFFE       BL               LCD_OutDec
   42 00000020 E8BD 1001       POP              {R0,R12}
   43 00000024         DONERECURSING
   44 00000024 F100 0030       ADD              R0, #0x30
   45 00000028 F7FF FFFE       BL               ST7735_OutChar
   46 0000002C E8BD 4001       POP              {R0,LR}
   47 00000030 4770            BX               LR
   48 00000032         
   49 00000032         ;* * * * * * * * End of LCD_OutDec * * * * * * * *



ARM Macro Assembler    Page 2 


   50 00000032         
   51 00000032         ; -----------------------LCD _OutFix--------------------
                       --
   52 00000032         ; Output characters to LCD display in fixed-point format
                       
   53 00000032         ; unsigned decimal, resolution 0.001, range 0.000 to 9.9
                       99
   54 00000032         ; Inputs:  R0 is an unsigned 32-bit number
   55 00000032         ; Outputs: none
   56 00000032         ; E.g., R0=0,    then output "0.000 "
   57 00000032         ;       R0=3,    then output "0.003 "
   58 00000032         ;       R0=89,   then output "0.089 "
   59 00000032         ;       R0=123,  then output "0.123 "
   60 00000032         ;       R0=9999, then output "9.999 "
   61 00000032         ;       R0>9999, then output "*.*** "
   62 00000032         ; Invariables: This function must not permanently modify
                        registers R4 to R11
   63 00000032         LCD_OutFix
   64 00000032         
   65 00000032         
   66 00000032         
   67 00000032 B50E            PUSH             {R1,R2,R3,LR}
   68 00000034 F242 710F       LDR              R1, =TOOBIG
   69 00000038 4288            CMP              R0, R1
   70 0000003A D838            BHI              PastRange
   71 0000003C         
   72 0000003C B403            PUSH             {R0, R1}
   73 0000003E F44F 727A       MOV              R2, #1000
   74 00000042 FBB0 F0F2       UDIV             R0, R0, R2
   75 00000046 F04F 010A       MOV              R1, #10
   76 0000004A F000 F847       BL               Modulus
   77 0000004E F100 0030       ADD              R0, #0x30   ;ASCII Conversion
   78 00000052 F7FF FFFE       BL               ST7735_OutChar ;First Number
   79 00000056 F04F 002E       MOV              R0, #DecimalDot
   80 0000005A F7FF FFFE       BL               ST7735_OutChar
   81 0000005E BC03            POP              {R0, R1}    ;Restores R0 or a
   82 00000060         
   83 00000060 B403            PUSH             {R0, R1}
   84 00000062 F04F 0264       MOV              R2, #100
   85 00000066 FBB0 F0F2       UDIV             R0, R0, R2
   86 0000006A F04F 010A       MOV              R1, #10
   87 0000006E F000 F835       BL               Modulus
   88 00000072 F100 0030       ADD              R0, #0x30   ;ASCII Conversion
   89 00000076 F7FF FFFE       BL               ST7735_OutChar ;Second Number
   90 0000007A BC03            POP              {R0,R1}     ;Restores R0 or a
   91 0000007C         
   92 0000007C B403            PUSH             {R0,R1}
   93 0000007E F04F 020A       MOV              R2, #10
   94 00000082 FBB0 F0F2       UDIV             R0, R0, R2
   95 00000086 F04F 010A       MOV              R1, #10
   96 0000008A F000 F827       BL               Modulus
   97 0000008E F100 0030       ADD              R0, #0x30   ;ASCII Conversion
   98 00000092 F7FF FFFE       BL               ST7735_OutChar ;Third Number
   99 00000096 BC03            POP              {R0, R1}    ;Restores R0 or a
  100 00000098         
  101 00000098 B403            PUSH             {R0, R1}
  102 0000009A F04F 010A       MOV              R1, #10
  103 0000009E F000 F81D       BL               Modulus
  104 000000A2 F100 0030       ADD              R0, #0x30   ;ASCII Conversion



ARM Macro Assembler    Page 3 


  105 000000A6 F7FF FFFE       BL               ST7735_OutChar ;Fourth Number
  106 000000AA BC03            POP              {R0, R1}
  107 000000AC E013            B                ENDFIXED
  108 000000AE         
  109 000000AE         PastRange                            ;Value higher than 
                                                            9999 in R0
  110 000000AE F04F 002A       MOV              R0, #Asterisk
  111 000000B2 F7FF FFFE       BL               ST7735_OutChar
  112 000000B6 F04F 002E       MOV              R0, #DecimalDot
  113 000000BA F7FF FFFE       BL               ST7735_OutChar
  114 000000BE F04F 002A       MOV              R0, #Asterisk
  115 000000C2 F7FF FFFE       BL               ST7735_OutChar
  116 000000C6 F04F 002A       MOV              R0, #Asterisk
  117 000000CA F7FF FFFE       BL               ST7735_OutChar
  118 000000CE F04F 002A       MOV              R0, #Asterisk
  119 000000D2 F7FF FFFE       BL               ST7735_OutChar
  120 000000D6         
  121 000000D6         ENDFIXED
  122 000000D6 BD0E            POP              {R1,R2,R3,PC}
  123 000000D8 4770            BX               LR
  124 000000DA         
  125 000000DA 00 00           ALIGN
  126 000000DC         ;* * * * * * * * End of LCD_OutFix * * * * * * * *
  127 000000DC         
  128 000000DC         Modulus
  129 000000DC         
  130 000000DC         ; a%b = e   Unsigned
  131 000000DC         ; Input:  R0 = a, R1 = b
  132 000000DC         ; Output: R0 = e
  133 000000DC         
  134 000000DC B50E            PUSH             {R1,R2,R3,LR}
  135 000000DE FBB0 F2F1       UDIV             R2, R0, R1
  136 000000E2 FB01 F302       MUL              R3, R1, R2
  137 000000E6 EBA0 0003       SUB              R0, R0, R3
  138 000000EA         
  139 000000EA BD0E            POP              {R1,R2,R3,PC}
  140 000000EC 4770            BX               LR
  141 000000EE         
  142 000000EE         
  143 000000EE         
  144 000000EE 00 00           ALIGN                        ; make sure the end
                                                             of this section is
                                                             aligned
  145 000000F0                 END                          ; end of file
Command Line: --debug --xref --cpu=Cortex-M4 --apcs=interwork --depend=.\print.
d -o.\print.o -IC:\Keil\ARM\RV31\INC -IC:\Keil\ARM\CMSIS\Include -IC:\Keil\ARM\
Inc\Luminary --predefine="__EVAL SETA 1" --list=.\print.lst Print.s



ARM Macro Assembler    Page 1 Alphabetic symbol ordering
Relocatable symbols

.text 00000000

Symbol: .text
   Definitions
      At line 21 in file Print.s
   Uses
      None
Comment: .text unused
DONERECURSING 00000024

Symbol: DONERECURSING
   Definitions
      At line 43 in file Print.s
   Uses
      At line 34 in file Print.s
Comment: DONERECURSING used once
ENDFIXED 000000D6

Symbol: ENDFIXED
   Definitions
      At line 121 in file Print.s
   Uses
      At line 107 in file Print.s
Comment: ENDFIXED used once
LCD_OutDec 00000000

Symbol: LCD_OutDec
   Definitions
      At line 31 in file Print.s
   Uses
      At line 17 in file Print.s
      At line 41 in file Print.s

LCD_OutFix 00000032

Symbol: LCD_OutFix
   Definitions
      At line 63 in file Print.s
   Uses
      At line 18 in file Print.s
Comment: LCD_OutFix used once
Modulus 000000DC

Symbol: Modulus
   Definitions
      At line 128 in file Print.s
   Uses
      At line 76 in file Print.s
      At line 87 in file Print.s
      At line 96 in file Print.s
      At line 103 in file Print.s

PastRange 000000AE

Symbol: PastRange
   Definitions
      At line 109 in file Print.s
   Uses
      At line 70 in file Print.s



ARM Macro Assembler    Page 2 Alphabetic symbol ordering
Relocatable symbols

Comment: PastRange used once
7 symbols



ARM Macro Assembler    Page 1 Alphabetic symbol ordering
Absolute symbols

Asterisk 0000002A

Symbol: Asterisk
   Definitions
      At line 12 in file Print.s
   Uses
      At line 110 in file Print.s
      At line 114 in file Print.s
      At line 116 in file Print.s
      At line 118 in file Print.s

DecimalDot 0000002E

Symbol: DecimalDot
   Definitions
      At line 13 in file Print.s
   Uses
      At line 79 in file Print.s
      At line 112 in file Print.s

TOOBIG 0000270F

Symbol: TOOBIG
   Definitions
      At line 11 in file Print.s
   Uses
      At line 68 in file Print.s
Comment: TOOBIG used once
3 symbols



ARM Macro Assembler    Page 1 Alphabetic symbol ordering
External symbols

ST7735_OutChar 00000000

Symbol: ST7735_OutChar
   Definitions
      At line 15 in file Print.s
   Uses
      At line 45 in file Print.s
      At line 78 in file Print.s
      At line 80 in file Print.s
      At line 89 in file Print.s
      At line 98 in file Print.s
      At line 105 in file Print.s
      At line 111 in file Print.s
      At line 113 in file Print.s
      At line 115 in file Print.s
      At line 117 in file Print.s
      At line 119 in file Print.s

ST7735_OutString 00000000

Symbol: ST7735_OutString
   Definitions
      At line 16 in file Print.s
   Uses
      None
Comment: ST7735_OutString unused
2 symbols
343 symbols in table
